{"total": {"lines":{"total":237,"covered":187,"skipped":0,"pct":78.9},"statements":{"total":268,"covered":204,"skipped":0,"pct":76.11},"functions":{"total":73,"covered":54,"skipped":0,"pct":73.97},"branches":{"total":160,"covered":119,"skipped":0,"pct":74.37},"branchesTrue":{"total":0,"covered":0,"skipped":0,"pct":100}}
,"D:\\Testing\\e22-co2060-DMS\\frontend\\src\\App.tsx": {"lines":{"total":6,"covered":6,"skipped":0,"pct":100},"functions":{"total":2,"covered":2,"skipped":0,"pct":100},"statements":{"total":7,"covered":7,"skipped":0,"pct":100},"branches":{"total":7,"covered":7,"skipped":0,"pct":100}}
,"D:\\Testing\\e22-co2060-DMS\\frontend\\src\\api\\axios.ts": {"lines":{"total":13,"covered":13,"skipped":0,"pct":100},"functions":{"total":3,"covered":3,"skipped":0,"pct":100},"statements":{"total":13,"covered":13,"skipped":0,"pct":100},"branches":{"total":6,"covered":6,"skipped":0,"pct":100}}
,"D:\\Testing\\e22-co2060-DMS\\frontend\\src\\components\\common\\SessionChangedModal.tsx": {"lines":{"total":4,"covered":3,"skipped":0,"pct":75},"functions":{"total":2,"covered":1,"skipped":0,"pct":50},"statements":{"total":5,"covered":4,"skipped":0,"pct":80},"branches":{"total":8,"covered":7,"skipped":0,"pct":87.5}}
,"D:\\Testing\\e22-co2060-DMS\\frontend\\src\\components\\common\\Toast.tsx": {"lines":{"total":15,"covered":14,"skipped":0,"pct":93.33},"functions":{"total":12,"covered":8,"skipped":0,"pct":66.66},"statements":{"total":23,"covered":18,"skipped":0,"pct":78.26},"branches":{"total":3,"covered":2,"skipped":0,"pct":66.66}}
,"D:\\Testing\\e22-co2060-DMS\\frontend\\src\\context\\AuthContext.tsx": {"lines":{"total":58,"covered":57,"skipped":0,"pct":98.27},"functions":{"total":14,"covered":14,"skipped":0,"pct":100},"statements":{"total":61,"covered":59,"skipped":0,"pct":96.72},"branches":{"total":29,"covered":22,"skipped":0,"pct":75.86}}
,"D:\\Testing\\e22-co2060-DMS\\frontend\\src\\pages\\auth\\LoginPage.tsx": {"lines":{"total":29,"covered":28,"skipped":0,"pct":96.55},"functions":{"total":8,"covered":8,"skipped":0,"pct":100},"statements":{"total":34,"covered":33,"skipped":0,"pct":97.05},"branches":{"total":19,"covered":16,"skipped":0,"pct":84.21}}
,"D:\\Testing\\e22-co2060-DMS\\frontend\\src\\pages\\auth\\RoleSelectionPage.tsx": {"lines":{"total":11,"covered":10,"skipped":0,"pct":90.9},"functions":{"total":6,"covered":5,"skipped":0,"pct":83.33},"statements":{"total":11,"covered":10,"skipped":0,"pct":90.9},"branches":{"total":14,"covered":14,"skipped":0,"pct":100}}
,"D:\\Testing\\e22-co2060-DMS\\frontend\\src\\pages\\auth\\SignupPage.tsx": {"lines":{"total":58,"covered":39,"skipped":0,"pct":67.24},"functions":{"total":19,"covered":11,"skipped":0,"pct":57.89},"statements":{"total":66,"covered":42,"skipped":0,"pct":63.63},"branches":{"total":42,"covered":25,"skipped":0,"pct":59.52}}
,"D:\\Testing\\e22-co2060-DMS\\frontend\\src\\utils\\.gitkeep": {"lines":{"total":0,"covered":0,"skipped":0,"pct":0},"functions":{"total":0,"covered":0,"skipped":0,"pct":0},"statements":{"total":0,"covered":0,"skipped":0,"pct":0},"branches":{"total":0,"covered":0,"skipped":0,"pct":0}}
,"D:\\Testing\\e22-co2060-DMS\\frontend\\src\\utils\\avatarUrl.ts": {"lines":{"total":31,"covered":5,"skipped":0,"pct":16.12},"functions":{"total":6,"covered":1,"skipped":0,"pct":16.66},"statements":{"total":36,"covered":6,"skipped":0,"pct":16.66},"branches":{"total":22,"covered":10,"skipped":0,"pct":45.45}}
,"D:\\Testing\\e22-co2060-DMS\\frontend\\src\\utils\\notificationRouting.ts": {"lines":{"total":12,"covered":12,"skipped":0,"pct":100},"functions":{"total":1,"covered":1,"skipped":0,"pct":100},"statements":{"total":12,"covered":12,"skipped":0,"pct":100},"branches":{"total":10,"covered":10,"skipped":0,"pct":100}}
}
