<?xml version="1.0" encoding="UTF-8"?>
<testsuite xmlns:xsi="http://www.w3.org/2001/XMLSchema-instance" xsi:noNamespaceSchemaLocation="https://maven.apache.org/surefire/maven-surefire-plugin/xsd/surefire-test-report.xsd" version="3.0.2" name="com.dms.integration.TournamentWorkflowIntegrationTest" time="2.577" tests="7" errors="0" skipped="0" failures="2">
  <properties>
[...]
</properties>
  <testcase name="submissionReadBack" classname="com.dms.integration.TournamentWorkflowIntegrationTest" time="0.583">
    <failure message="[GET /api/score-sheets/{match}/{judge} response body: {&quot;error&quot;:&quot;Type definition error: [simple type, class org.hibernate.proxy.pojo.bytebuddy.ByteBuddyInterceptor]&quot;,&quot;timestamp&quot;:&quot;2026-09-25T21:00:26.184591900&quot;}] &#10;expected: 200&#10; but was: 400" type="org.opentest4j.AssertionFailedError"><![CDATA[org.opentest4j.AssertionFailedError: 
[GET /api/score-sheets/{match}/{judge} response body: {"error":"Type definition error: [simple type, class org.hibernate.proxy.pojo.bytebuddy.ByteBuddyInterceptor]","timestamp":"2026-09-25T21:00:26.184591900"}] 
expected: 200
 but was: 400
	at com.dms.integration.TournamentWorkflowIntegrationTest.submissionReadBack(TournamentWorkflowIntegrationTest.java:199)
	at java.base/java.lang.reflect.Method.invoke(Method.java:565)
	at java.base/java.util.ArrayList.forEach(ArrayList.java:1604)
	at java.base/java.util.ArrayList.forEach(ArrayList.java:1604)
]]></failure>
    <system-out><![CDATA[
MockHttpServletRequest:
      HTTP Method = POST
      Request URI = /api/auth/signup
       Parameters = {}
          Headers = [Content-Type:"application/json;charset=UTF-8", Content-Length:"152"]
             Body = {"username":"organizer_17_99000","email":"organizer_17_99000@test.dms","fullName":"Test organizer_17_99000","role":"ORGANIZER","password":"password123"}
    Session Attrs = {}

Handler:
             Type = com.dms.controller.AuthController
           Method = com.dms.controller.AuthController#signup(SignupRequest)

Async:
    Async started = false
     Async result = null

Resolved Exception:
             Type = null

ModelAndView:
        View name = null
             View = null
            Model = null

FlashMap:
       Attributes = null

MockHttpServletResponse:
           Status = 200
    Error message = null
          Headers = [Vary:"Origin", "Access-Control-Request-Method", "Access-Control-Request-Headers", Content-Type:"application/json", X-Content-Type-Options:"nosniff", X-XSS-Protection:"0", Cache-Control:"no-cache, no-store, max-age=0, must-revalidate", Pragma:"no-cache", Expires:"0", X-Frame-Options:"DENY"]
     Content type = application/json
             Body = {"token":"eyJhbGciOiJIUzI1NiJ9.eyJzdWIiOiJvcmdhbml6ZXJfMTdfOTkwMDAiLCJyb2xlIjoiT1JHQU5JWkVSIiwiaWF0IjoxNzkwMzUwMjI1LCJleHAiOjE3OTAzNTM4MjV9.YDK7YhpOFE7BX1OFsZofHbESUG2X1wYN01ccXtgJjYk","user":{"id":17,"fullName":"Test organizer_17_99000","username":"organizer_17_99000","age":null,"bio":null,"location":null,"email":"organizer_17_99000@test.dms","role":"ORGANIZER","profilePictureUrl":null,"socialLinksJson":null,"privacyStatus":"PUBLIC","language":"en","expertise":null,"yearsOfExperience":null,"createdAt":"2026-09-25T21:00:25.698809"}}
    Forwarded URL = null
   Redirected URL = null
          Cookies = []

MockHttpServletRequest:
      HTTP Method = POST
      Request URI = /api/auth/signup
       Parameters = {}
          Headers = [Content-Type:"application/json;charset=UTF-8", Content-Length:"133"]
             Body = {"username":"judge_18_4900","email":"judge_18_4900@test.dms","fullName":"Test judge_18_4900","role":"JUDGE","password":"password123"}
    Session Attrs = {}

Handler:
             Type = com.dms.controller.AuthController
           Method = com.dms.controller.AuthController#signup(SignupRequest)

Async:
    Async started = false
     Async result = null

Resolved Exception:
             Type = null

ModelAndView:
        View name = null
             View = null
            Model = null

FlashMap:
       Attributes = null

MockHttpServletResponse:
           Status = 200
    Error message = null
          Headers = [Vary:"Origin", "Access-Control-Request-Method", "Access-Control-Request-Headers", Content-Type:"application/json", X-Content-Type-Options:"nosniff", X-XSS-Protection:"0", Cache-Control:"no-cache, no-store, max-age=0, must-revalidate", Pragma:"no-cache", Expires:"0", X-Frame-Options:"DENY"]
     Content type = application/json
             Body = {"token":"eyJhbGciOiJIUzI1NiJ9.eyJzdWIiOiJqdWRnZV8xOF80OTAwIiwicm9sZSI6IkpVREdFIiwiaWF0IjoxNzkwMzUwMjI1LCJleHAiOjE3OTAzNTM4MjV9.pXMp3Ox4NK6gR5W1b8dK58GcKYMJvHYMb1uLhn9tQCw","user":{"id":18,"fullName":"Test judge_18_4900","username":"judge_18_4900","age":null,"bio":null,"location":null,"email":"judge_18_4900@test.dms","role":"JUDGE","profilePictureUrl":null,"socialLinksJson":null,"privacyStatus":"PUBLIC","language":"en","expertise":null,"yearsOfExperience":null,"createdAt":"2026-09-25T21:00:25.792509"}}
    Forwarded URL = null
   Redirected URL = null
          Cookies = []

MockHttpServletRequest:
      HTTP Method = POST
      Request URI = /api/auth/signup
       Parameters = {}
          Headers = [Content-Type:"application/json;charset=UTF-8", Content-Length:"144"]
             Body = {"username":"debater_19_29500","email":"debater_19_29500@test.dms","fullName":"Test debater_19_29500","role":"DEBATER","password":"password123"}
    Session Attrs = {}

Handler:
             Type = com.dms.controller.AuthController
           Method = com.dms.controller.AuthController#signup(SignupRequest)

Async:
    Async started = false
     Async result = null

Resolved Exception:
             Type = null

ModelAndView:
        View name = null
             View = null
            Model = null

FlashMap:
       Attributes = null

MockHttpServletResponse:
           Status = 200
    Error message = null
          Headers = [Vary:"Origin", "Access-Control-Request-Method", "Access-Control-Request-Headers", Content-Type:"application/json", X-Content-Type-Options:"nosniff", X-XSS-Protection:"0", Cache-Control:"no-cache, no-store, max-age=0, must-revalidate", Pragma:"no-cache", Expires:"0", X-Frame-Options:"DENY"]
     Content type = application/json
             Body = {"token":"eyJhbGciOiJIUzI1NiJ9.eyJzdWIiOiJkZWJhdGVyXzE5XzI5NTAwIiwicm9sZSI6IkRFQkFURVIiLCJpYXQiOjE3OTAzNTAyMjUsImV4cCI6MTc5MDM1MzgyNX0.lleSm1bXO82WgxWd8GliSfZVV_s39N1PWdizCIzTrdY","user":{"id":19,"fullName":"Test debater_19_29500","username":"debater_19_29500","age":null,"bio":null,"location":null,"email":"debater_19_29500@test.dms","role":"DEBATER","profilePictureUrl":null,"socialLinksJson":null,"privacyStatus":"PUBLIC","language":"en","expertise":null,"yearsOfExperience":null,"createdAt":"2026-09-25T21:00:25.888778"}}
    Forwarded URL = null
   Redirected URL = null
          Cookies = []

MockHttpServletRequest:
      HTTP Method = POST
      Request URI = /api/auth/signup
       Parameters = {}
          Headers = [Content-Type:"application/json;charset=UTF-8", Content-Length:"144"]
             Body = {"username":"debater_20_68200","email":"debater_20_68200@test.dms","fullName":"Test debater_20_68200","role":"DEBATER","password":"password123"}
    Session Attrs = {}

Handler:
             Type = com.dms.controller.AuthController
           Method = com.dms.controller.AuthController#signup(SignupRequest)

Async:
    Async started = false
     Async result = null

Resolved Exception:
             Type = null

ModelAndView:
        View name = null
             View = null
            Model = null

FlashMap:
       Attributes = null

MockHttpServletResponse:
           Status = 200
    Error message = null
          Headers = [Vary:"Origin", "Access-Control-Request-Method", "Access-Control-Request-Headers", Content-Type:"application/json", X-Content-Type-Options:"nosniff", X-XSS-Protection:"0", Cache-Control:"no-cache, no-store, max-age=0, must-revalidate", Pragma:"no-cache", Expires:"0", X-Frame-Options:"DENY"]
     Content type = application/json
             Body = {"token":"eyJhbGciOiJIUzI1NiJ9.eyJzdWIiOiJkZWJhdGVyXzIwXzY4MjAwIiwicm9sZSI6IkRFQkFURVIiLCJpYXQiOjE3OTAzNTAyMjUsImV4cCI6MTc5MDM1MzgyNX0.PyRLENbysXrqOH6IZean06pm5kVe0NzfuuBBj0uaRO0","user":{"id":20,"fullName":"Test debater_20_68200","username":"debater_20_68200","age":null,"bio":null,"location":null,"email":"debater_20_68200@test.dms","role":"DEBATER","profilePictureUrl":null,"socialLinksJson":null,"privacyStatus":"PUBLIC","language":"en","expertise":null,"yearsOfExperience":null,"createdAt":"2026-09-25T21:00:25.989979"}}
    Forwarded URL = null
   Redirected URL = null
          Cookies = []

MockHttpServletRequest:
      HTTP Method = POST
      Request URI = /api/tournaments
       Parameters = {}
          Headers = [Content-Type:"application/json;charset=UTF-8", Authorization:"Bearer eyJhbGciOiJIUzI1NiJ9.eyJzdWIiOiJvcmdhbml6ZXJfMTdfOTkwMDAiLCJyb2xlIjoiT1JHQU5JWkVSIiwiaWF0IjoxNzkwMzUwMjI1LCJleHAiOjE3OTAzNTM4MjV9.YDK7YhpOFE7BX1OFsZofHbESUG2X1wYN01ccXtgJjYk", Content-Length:"295"]
             Body = {"scoreTemplate":{"criteriaJson":"[{\"name\":\"Matter\",\"max\":40}]","name":"Default"},"name":"Integration Cup 21","tournamentType":"KNOCKOUT","debateType":"ASIAN_PARLIAMENTARY","schools":[{"debaterIds":[19],"name":"Royal College"},{"debaterIds":[20],"name":"Trinity College"}],"judgeIds":[18]}
    Session Attrs = {}

Handler:
             Type = com.dms.controller.TournamentController
           Method = com.dms.controller.TournamentController#create(CreateTournamentRequest, Authentication)

Async:
    Async started = false
     Async result = null

Resolved Exception:
             Type = null

ModelAndView:
        View name = null
             View = null
            Model = null

FlashMap:
       Attributes = null

MockHttpServletResponse:
           Status = 200
    Error message = null
          Headers = [Vary:"Origin", "Access-Control-Request-Method", "Access-Control-Request-Headers", Content-Type:"application/json", X-Content-Type-Options:"nosniff", X-XSS-Protection:"0", Cache-Control:"no-cache, no-store, max-age=0, must-revalidate", Pragma:"no-cache", Expires:"0", X-Frame-Options:"DENY"]
     Content type = application/json
             Body = {"id":5,"name":"Integration Cup 21","debateType":"ASIAN_PARLIAMENTARY","customDebateType":null,"tournamentType":"KNOCKOUT","organizer":{"id":17,"fullName":"Test organizer_17_99000","username":"organizer_17_99000","age":null,"bio":null,"location":null,"email":"organizer_17_99000@test.dms","role":"ORGANIZER","profilePictureUrl":null,"socialLinksJson":null,"privacyStatus":"PUBLIC","language":"en","expertise":null,"yearsOfExperience":null,"createdAt":"2026-09-25T21:00:25.698809"},"status":"ACTIVE","numberOfLeagues":null,"createdAt":"2026-09-25T21:00:26.009027","schools":[{"id":5,"name":"Royal College","tournamentId":5,"debaters":null},{"id":6,"name":"Trinity College","tournamentId":5,"debaters":null}],"judges":[{"id":3,"judge":{"id":18,"fullName":"Test judge_18_4900","username":"judge_18_4900","age":null,"bio":null,"location":null,"email":"judge_18_4900@test.dms","role":"JUDGE","profilePictureUrl":null,"socialLinksJson":null,"privacyStatus":"PUBLIC","language":"en","expertise":null,"yearsOfExperience":null,"createdAt":"2026-09-25T21:00:25.792509"},"judgeCode":"JUDGE-001"}]}
    Forwarded URL = null
   Redirected URL = null
          Cookies = []

MockHttpServletRequest:
      HTTP Method = POST
      Request URI = /api/matches
       Parameters = {}
          Headers = [Content-Type:"application/json;charset=UTF-8", Authorization:"Bearer eyJhbGciOiJIUzI1NiJ9.eyJzdWIiOiJvcmdhbml6ZXJfMTdfOTkwMDAiLCJyb2xlIjoiT1JHQU5JWkVSIiwiaWF0IjoxNzkwMzUwMjI1LCJleHAiOjE3OTAzNTM4MjV9.YDK7YhpOFE7BX1OFsZofHbESUG2X1wYN01ccXtgJjYk", Content-Length:"107"]
             Body = {"propositionSchoolId":5,"tournamentId":5,"judgeIds":[18],"oppositionSchoolId":6,"topic":"Read-back topic"}
    Session Attrs = {}

Handler:
             Type = com.dms.controller.MatchController
           Method = com.dms.controller.MatchController#createMatch(CreateMatchRequest)

Async:
    Async started = false
     Async result = null

Resolved Exception:
             Type = null

ModelAndView:
        View name = null
             View = null
            Model = null

FlashMap:
       Attributes = null

MockHttpServletResponse:
           Status = 200
    Error message = null
          Headers = [Vary:"Origin", "Access-Control-Request-Method", "Access-Control-Request-Headers", Content-Type:"application/json", X-Content-Type-Options:"nosniff", X-XSS-Protection:"0", Cache-Control:"no-cache, no-store, max-age=0, must-revalidate", Pragma:"no-cache", Expires:"0", X-Frame-Options:"DENY"]
     Content type = application/json
             Body = {"id":2,"matchCode":"MATCH-5-1","tournamentId":5,"tournamentName":"Integration Cup 21","propositionSchool":{"id":5,"name":"Royal College","tournamentId":5,"debaters":[{"id":19,"fullName":"Test debater_19_29500","username":"debater_19_29500","age":null,"bio":null,"location":null,"email":"debater_19_29500@test.dms","role":"DEBATER","profilePictureUrl":null,"socialLinksJson":null,"privacyStatus":"PUBLIC","language":"en","expertise":null,"yearsOfExperience":null,"createdAt":"2026-09-25T21:00:25.888778"}]},"oppositionSchool":{"id":6,"name":"Trinity College","tournamentId":5,"debaters":[{"id":20,"fullName":"Test debater_20_68200","username":"debater_20_68200","age":null,"bio":null,"location":null,"email":"debater_20_68200@test.dms","role":"DEBATER","profilePictureUrl":null,"socialLinksJson":null,"privacyStatus":"PUBLIC","language":"en","expertise":null,"yearsOfExperience":null,"createdAt":"2026-09-25T21:00:25.989979"}]},"topic":"Read-back topic","status":"UPCOMING","winnerSchool":null,"bestSpeaker":null,"roundNumber":1,"createdAt":"2026-09-25T21:00:26.057519","startTime":null,"judges":null}
    Forwarded URL = null
   Redirected URL = null
          Cookies = []

MockHttpServletRequest:
      HTTP Method = POST
      Request URI = /api/score-sheets/submit
       Parameters = {}
          Headers = [Content-Type:"application/json;charset=UTF-8", Authorization:"Bearer eyJhbGciOiJIUzI1NiJ9.eyJzdWIiOiJqdWRnZV8xOF80OTAwIiwicm9sZSI6IkpVREdFIiwiaWF0IjoxNzkwMzUwMjI1LCJleHAiOjE3OTAzNTM4MjV9.pXMp3Ox4NK6gR5W1b8dK58GcKYMJvHYMb1uLhn9tQCw", Content-Length:"182"]
             Body = {"propositionTotal":60.0,"propositionScoresJson":"{}","matchId":2,"judgeId":18,"oppositionScoresJson":"{}","comments":"Well argued","oppositionTotal":50.0,"selectedBestSpeakerId":19}
    Session Attrs = {}

Handler:
             Type = com.dms.controller.ScoreSheetController
           Method = com.dms.controller.ScoreSheetController#submit(ScoreSheetSubmissionRequest, Principal)

Async:
    Async started = false
     Async result = null

Resolved Exception:
             Type = null

ModelAndView:
        View name = null
             View = null
            Model = null

FlashMap:
       Attributes = null

MockHttpServletResponse:
           Status = 200
    Error message = null
          Headers = [Vary:"Origin", "Access-Control-Request-Method", "Access-Control-Request-Headers", Content-Type:"application/json", X-Content-Type-Options:"nosniff", X-XSS-Protection:"0", Cache-Control:"no-cache, no-store, max-age=0, must-revalidate", Pragma:"no-cache", Expires:"0", X-Frame-Options:"DENY"]
     Content type = application/json
             Body = {"message":"Score sheet submitted successfully"}
    Forwarded URL = null
   Redirected URL = null
          Cookies = []

MockHttpServletRequest:
      HTTP Method = GET
      Request URI = /api/score-sheets/2/18
       Parameters = {}
          Headers = [Authorization:"Bearer eyJhbGciOiJIUzI1NiJ9.eyJzdWIiOiJqdWRnZV8xOF80OTAwIiwicm9sZSI6IkpVREdFIiwiaWF0IjoxNzkwMzUwMjI1LCJleHAiOjE3OTAzNTM4MjV9.pXMp3Ox4NK6gR5W1b8dK58GcKYMJvHYMb1uLhn9tQCw"]
             Body = null
    Session Attrs = {}

Handler:
             Type = com.dms.controller.ScoreSheetController
           Method = com.dms.controller.ScoreSheetController#getSubmission(Long, Long)

Async:
    Async started = false
     Async result = null

Resolved Exception:
             Type = org.springframework.http.converter.HttpMessageConversionException

ModelAndView:
        View name = null
             View = null
            Model = null

FlashMap:
       Attributes = null

MockHttpServletResponse:
           Status = 400
    Error message = null
          Headers = [Vary:"Origin", "Access-Control-Request-Method", "Access-Control-Request-Headers", X-Content-Type-Options:"nosniff", X-XSS-Protection:"0", Cache-Control:"no-cache, no-store, max-age=0, must-revalidate", Pragma:"no-cache", Expires:"0", X-Frame-Options:"DENY"]
     Content type = application/json
             Body = {"error":"Type definition error: [simple type, class org.hibernate.proxy.pojo.bytebuddy.ByteBuddyInterceptor]","timestamp":"2026-09-25T21:00:26.184591900"}
    Forwarded URL = null
   Redirected URL = null
          Cookies = []
]]></system-out>
  </testcase>
  <testcase name="search" classname="com.dms.integration.TournamentWorkflowIntegrationTest" time="0.129"/>
  <testcase name="socialContent" classname="com.dms.integration.TournamentWorkflowIntegrationTest" time="0.398"/>
  <testcase name="fullTournamentLifecycle" classname="com.dms.integration.TournamentWorkflowIntegrationTest" time="0.739"/>
  <testcase name="connectionFlow" classname="com.dms.integration.TournamentWorkflowIntegrationTest" time="0.294"/>
  <testcase name="notFound" classname="com.dms.integration.TournamentWorkflowIntegrationTest" time="0.12"/>
  <testcase name="scoreTemplateReadBack" classname="com.dms.integration.TournamentWorkflowIntegrationTest" time="0.302">
    <failure message="[GET /api/score-templates/{id} response body: {&quot;error&quot;:&quot;Type definition error: [simple type, class org.hibernate.proxy.pojo.bytebuddy.ByteBuddyInterceptor]&quot;,&quot;timestamp&quot;:&quot;2026-09-25T21:00:28.174106200&quot;}] &#10;expected: 200&#10; but was: 400" type="org.opentest4j.AssertionFailedError"><![CDATA[org.opentest4j.AssertionFailedError: 
[GET /api/score-templates/{id} response body: {"error":"Type definition error: [simple type, class org.hibernate.proxy.pojo.bytebuddy.ByteBuddyInterceptor]","timestamp":"2026-09-25T21:00:28.174106200"}] 
expected: 200
 but was: 400
	at com.dms.integration.TournamentWorkflowIntegrationTest.scoreTemplateReadBack(TournamentWorkflowIntegrationTest.java:177)
	at java.base/java.lang.reflect.Method.invoke(Method.java:565)
	at java.base/java.util.ArrayList.forEach(ArrayList.java:1604)
	at java.base/java.util.ArrayList.forEach(ArrayList.java:1604)
]]></failure>
    <system-out><![CDATA[
MockHttpServletRequest:
      HTTP Method = POST
      Request URI = /api/auth/signup
       Parameters = {}
          Headers = [Content-Type:"application/json;charset=UTF-8", Content-Length:"152"]
             Body = {"username":"organizer_34_92400","email":"organizer_34_92400@test.dms","fullName":"Test organizer_34_92400","role":"ORGANIZER","password":"password123"}
    Session Attrs = {}

Handler:
             Type = com.dms.controller.AuthController
           Method = com.dms.controller.AuthController#signup(SignupRequest)

Async:
    Async started = false
     Async result = null

Resolved Exception:
             Type = null

ModelAndView:
        View name = null
             View = null
            Model = null

FlashMap:
       Attributes = null

MockHttpServletResponse:
           Status = 200
    Error message = null
          Headers = [Vary:"Origin", "Access-Control-Request-Method", "Access-Control-Request-Headers", Content-Type:"application/json", X-Content-Type-Options:"nosniff", X-XSS-Protection:"0", Cache-Control:"no-cache, no-store, max-age=0, must-revalidate", Pragma:"no-cache", Expires:"0", X-Frame-Options:"DENY"]
     Content type = application/json
             Body = {"token":"eyJhbGciOiJIUzI1NiJ9.eyJzdWIiOiJvcmdhbml6ZXJfMzRfOTI0MDAiLCJyb2xlIjoiT1JHQU5JWkVSIiwiaWF0IjoxNzkwMzUwMjI3LCJleHAiOjE3OTAzNTM4Mjd9.mHZDcRBF99UfrkCg37WdNFpgB-3Kw0rZQFYpKrMXtEE","user":{"id":32,"fullName":"Test organizer_34_92400","username":"organizer_34_92400","age":null,"bio":null,"location":null,"email":"organizer_34_92400@test.dms","role":"ORGANIZER","profilePictureUrl":null,"socialLinksJson":null,"privacyStatus":"PUBLIC","language":"en","expertise":null,"yearsOfExperience":null,"createdAt":"2026-09-25T21:00:27.967961"}}
    Forwarded URL = null
   Redirected URL = null
          Cookies = []

MockHttpServletRequest:
      HTTP Method = POST
      Request URI = /api/auth/signup
       Parameters = {}
          Headers = [Content-Type:"application/json;charset=UTF-8", Content-Length:"144"]
             Body = {"username":"debater_35_90500","email":"debater_35_90500@test.dms","fullName":"Test debater_35_90500","role":"DEBATER","password":"password123"}
    Session Attrs = {}

Handler:
             Type = com.dms.controller.AuthController
           Method = com.dms.controller.AuthController#signup(SignupRequest)

Async:
    Async started = false
     Async result = null

Resolved Exception:
             Type = null

ModelAndView:
        View name = null
             View = null
            Model = null

FlashMap:
       Attributes = null

MockHttpServletResponse:
           Status = 200
    Error message = null
          Headers = [Vary:"Origin", "Access-Control-Request-Method", "Access-Control-Request-Headers", Content-Type:"application/json", X-Content-Type-Options:"nosniff", X-XSS-Protection:"0", Cache-Control:"no-cache, no-store, max-age=0, must-revalidate", Pragma:"no-cache", Expires:"0", X-Frame-Options:"DENY"]
     Content type = application/json
             Body = {"token":"eyJhbGciOiJIUzI1NiJ9.eyJzdWIiOiJkZWJhdGVyXzM1XzkwNTAwIiwicm9sZSI6IkRFQkFURVIiLCJpYXQiOjE3OTAzNTAyMjgsImV4cCI6MTc5MDM1MzgyOH0.2_iGHvpniEeD9Wr2wl_1GRnvVFV82G4B60yLouqWRfE","user":{"id":33,"fullName":"Test debater_35_90500","username":"debater_35_90500","age":null,"bio":null,"location":null,"email":"debater_35_90500@test.dms","role":"DEBATER","profilePictureUrl":null,"socialLinksJson":null,"privacyStatus":"PUBLIC","language":"en","expertise":null,"yearsOfExperience":null,"createdAt":"2026-09-25T21:00:28.052392"}}
    Forwarded URL = null
   Redirected URL = null
          Cookies = []

MockHttpServletRequest:
      HTTP Method = POST
      Request URI = /api/auth/signup
       Parameters = {}
          Headers = [Content-Type:"application/json;charset=UTF-8", Content-Length:"144"]
             Body = {"username":"debater_36_99600","email":"debater_36_99600@test.dms","fullName":"Test debater_36_99600","role":"DEBATER","password":"password123"}
    Session Attrs = {}

Handler:
             Type = com.dms.controller.AuthController
           Method = com.dms.controller.AuthController#signup(SignupRequest)

Async:
    Async started = false
     Async result = null

Resolved Exception:
             Type = null

ModelAndView:
        View name = null
             View = null
            Model = null

FlashMap:
       Attributes = null

MockHttpServletResponse:
           Status = 200
    Error message = null
          Headers = [Vary:"Origin", "Access-Control-Request-Method", "Access-Control-Request-Headers", Content-Type:"application/json", X-Content-Type-Options:"nosniff", X-XSS-Protection:"0", Cache-Control:"no-cache, no-store, max-age=0, must-revalidate", Pragma:"no-cache", Expires:"0", X-Frame-Options:"DENY"]
     Content type = application/json
             Body = {"token":"eyJhbGciOiJIUzI1NiJ9.eyJzdWIiOiJkZWJhdGVyXzM2Xzk5NjAwIiwicm9sZSI6IkRFQkFURVIiLCJpYXQiOjE3OTAzNTAyMjgsImV4cCI6MTc5MDM1MzgyOH0.GXNsnWnPce4wYJGxb3L1Ab91OStfZVY6WyQ3fhz1ulU","user":{"id":34,"fullName":"Test debater_36_99600","username":"debater_36_99600","age":null,"bio":null,"location":null,"email":"debater_36_99600@test.dms","role":"DEBATER","profilePictureUrl":null,"socialLinksJson":null,"privacyStatus":"PUBLIC","language":"en","expertise":null,"yearsOfExperience":null,"createdAt":"2026-09-25T21:00:28.139895"}}
    Forwarded URL = null
   Redirected URL = null
          Cookies = []

MockHttpServletRequest:
      HTTP Method = POST
      Request URI = /api/tournaments
       Parameters = {}
          Headers = [Content-Type:"application/json;charset=UTF-8", Authorization:"Bearer eyJhbGciOiJIUzI1NiJ9.eyJzdWIiOiJvcmdhbml6ZXJfMzRfOTI0MDAiLCJyb2xlIjoiT1JHQU5JWkVSIiwiaWF0IjoxNzkwMzUwMjI3LCJleHAiOjE3OTAzNTM4Mjd9.mHZDcRBF99UfrkCg37WdNFpgB-3Kw0rZQFYpKrMXtEE", Content-Length:"293"]
             Body = {"scoreTemplate":{"criteriaJson":"[{\"name\":\"Matter\",\"max\":40}]","name":"Default"},"name":"Integration Cup 37","tournamentType":"KNOCKOUT","debateType":"ASIAN_PARLIAMENTARY","schools":[{"debaterIds":[33],"name":"Royal College"},{"debaterIds":[34],"name":"Trinity College"}],"judgeIds":[]}
    Session Attrs = {}

Handler:
             Type = com.dms.controller.TournamentController
           Method = com.dms.controller.TournamentController#create(CreateTournamentRequest, Authentication)

Async:
    Async started = false
     Async result = null

Resolved Exception:
             Type = null

ModelAndView:
        View name = null
             View = null
            Model = null

FlashMap:
       Attributes = null

MockHttpServletResponse:
           Status = 200
    Error message = null
          Headers = [Vary:"Origin", "Access-Control-Request-Method", "Access-Control-Request-Headers", Content-Type:"application/json", X-Content-Type-Options:"nosniff", X-XSS-Protection:"0", Cache-Control:"no-cache, no-store, max-age=0, must-revalidate", Pragma:"no-cache", Expires:"0", X-Frame-Options:"DENY"]
     Content type = application/json
             Body = {"id":8,"name":"Integration Cup 37","debateType":"ASIAN_PARLIAMENTARY","customDebateType":null,"tournamentType":"KNOCKOUT","organizer":{"id":32,"fullName":"Test organizer_34_92400","username":"organizer_34_92400","age":null,"bio":null,"location":null,"email":"organizer_34_92400@test.dms","role":"ORGANIZER","profilePictureUrl":null,"socialLinksJson":null,"privacyStatus":"PUBLIC","language":"en","expertise":null,"yearsOfExperience":null,"createdAt":"2026-09-25T21:00:27.967961"},"status":"ACTIVE","numberOfLeagues":null,"createdAt":"2026-09-25T21:00:28.15095","schools":[{"id":9,"name":"Royal College","tournamentId":8,"debaters":null},{"id":10,"name":"Trinity College","tournamentId":8,"debaters":null}],"judges":[]}
    Forwarded URL = null
   Redirected URL = null
          Cookies = []

MockHttpServletRequest:
      HTTP Method = GET
      Request URI = /api/score-templates/8
       Parameters = {}
          Headers = [Authorization:"Bearer eyJhbGciOiJIUzI1NiJ9.eyJzdWIiOiJvcmdhbml6ZXJfMzRfOTI0MDAiLCJyb2xlIjoiT1JHQU5JWkVSIiwiaWF0IjoxNzkwMzUwMjI3LCJleHAiOjE3OTAzNTM4Mjd9.mHZDcRBF99UfrkCg37WdNFpgB-3Kw0rZQFYpKrMXtEE"]
             Body = null
    Session Attrs = {}

Handler:
             Type = com.dms.controller.ScoreSheetController
           Method = com.dms.controller.ScoreSheetController#getTemplate(Long)

Async:
    Async started = false
     Async result = null

Resolved Exception:
             Type = org.springframework.http.converter.HttpMessageConversionException

ModelAndView:
        View name = null
             View = null
            Model = null

FlashMap:
       Attributes = null

MockHttpServletResponse:
           Status = 400
    Error message = null
          Headers = [Vary:"Origin", "Access-Control-Request-Method", "Access-Control-Request-Headers", X-Content-Type-Options:"nosniff", X-XSS-Protection:"0", Cache-Control:"no-cache, no-store, max-age=0, must-revalidate", Pragma:"no-cache", Expires:"0", X-Frame-Options:"DENY"]
     Content type = application/json
             Body = {"error":"Type definition error: [simple type, class org.hibernate.proxy.pojo.bytebuddy.ByteBuddyInterceptor]","timestamp":"2026-09-25T21:00:28.174106200"}
    Forwarded URL = null
   Redirected URL = null
          Cookies = []
]]></system-out>
  </testcase>
</testsuite>