<?xml version="1.0" encoding="UTF-8"?>
<testsuite xmlns:xsi="http://www.w3.org/2001/XMLSchema-instance" xsi:noNamespaceSchemaLocation="https://maven.apache.org/surefire/maven-surefire-plugin/xsd/surefire-test-report.xsd" version="3.0.2" name="com.dms.integration.OwnershipSecurityIntegrationTest" time="1.089" tests="8" errors="0" skipped="0" failures="7">
  <properties>
[...]
</properties>
  <testcase name="cannotImpersonateInDiscussion" classname="com.dms.integration.OwnershipSecurityIntegrationTest" time="0.123">
    <failure message="[POST /api/discussion with someone else&apos;s userId] &#10;expected: 403&#10; but was: 200" type="org.opentest4j.AssertionFailedError"><![CDATA[org.opentest4j.AssertionFailedError: 
[POST /api/discussion with someone else's userId] 
expected: 403
 but was: 200
	at com.dms.integration.OwnershipSecurityIntegrationTest.cannotImpersonateInDiscussion(OwnershipSecurityIntegrationTest.java:67)
	at java.base/java.lang.reflect.Method.invoke(Method.java:565)
	at java.base/java.util.ArrayList.forEach(ArrayList.java:1604)
	at java.base/java.util.ArrayList.forEach(ArrayList.java:1604)
]]></failure>
    <system-out><![CDATA[
MockHttpServletRequest:
      HTTP Method = POST
      Request URI = /api/auth/signup
       Parameters = {}
          Headers = [Content-Type:"application/json;charset=UTF-8", Content-Length:"141"]
             Body = {"username":"debater_5_11300","email":"debater_5_11300@test.dms","fullName":"Test debater_5_11300","role":"DEBATER","password":"password123"}
    Session Attrs = {}

Handler:
             Type = com.dms.controller.AuthController
           Method = com.dms.controller.AuthController#signup(SignupRequest)

Async:
    Async started = false
     Async result = null

Resolved Exception:
             Type = null

ModelAndView:
        View name = null
             View = null
            Model = null

FlashMap:
       Attributes = null

MockHttpServletResponse:
           Status = 200
    Error message = null
          Headers = [Vary:"Origin", "Access-Control-Request-Method", "Access-Control-Request-Headers", Content-Type:"application/json", X-Content-Type-Options:"nosniff", X-XSS-Protection:"0", Cache-Control:"no-cache, no-store, max-age=0, must-revalidate", Pragma:"no-cache", Expires:"0", X-Frame-Options:"DENY"]
     Content type = application/json
             Body = {"token":"eyJhbGciOiJIUzI1NiJ9.eyJzdWIiOiJkZWJhdGVyXzVfMTEzMDAiLCJyb2xlIjoiREVCQVRFUiIsImlhdCI6MTc5MDM1MDIyMywiZXhwIjoxNzkwMzUzODIzfQ.-gjKncPPoxtj6lAKUSfaJK7Ma1XNlH4sxaOb_6t75n4","user":{"id":7,"fullName":"Test debater_5_11300","username":"debater_5_11300","age":null,"bio":null,"location":null,"email":"debater_5_11300@test.dms","role":"DEBATER","profilePictureUrl":null,"socialLinksJson":null,"privacyStatus":"PUBLIC","language":"en","expertise":null,"yearsOfExperience":null,"createdAt":"2026-09-25T21:00:23.486488"}}
    Forwarded URL = null
   Redirected URL = null
          Cookies = []

MockHttpServletRequest:
      HTTP Method = POST
      Request URI = /api/auth/signup
       Parameters = {}
          Headers = [Content-Type:"application/json;charset=UTF-8", Content-Length:"141"]
             Body = {"username":"debater_6_27100","email":"debater_6_27100@test.dms","fullName":"Test debater_6_27100","role":"DEBATER","password":"password123"}
    Session Attrs = {}

Handler:
             Type = com.dms.controller.AuthController
           Method = com.dms.controller.AuthController#signup(SignupRequest)

Async:
    Async started = false
     Async result = null

Resolved Exception:
             Type = null

ModelAndView:
        View name = null
             View = null
            Model = null

FlashMap:
       Attributes = null

MockHttpServletResponse:
           Status = 200
    Error message = null
          Headers = [Vary:"Origin", "Access-Control-Request-Method", "Access-Control-Request-Headers", Content-Type:"application/json", X-Content-Type-Options:"nosniff", X-XSS-Protection:"0", Cache-Control:"no-cache, no-store, max-age=0, must-revalidate", Pragma:"no-cache", Expires:"0", X-Frame-Options:"DENY"]
     Content type = application/json
             Body = {"token":"eyJhbGciOiJIUzI1NiJ9.eyJzdWIiOiJkZWJhdGVyXzZfMjcxMDAiLCJyb2xlIjoiREVCQVRFUiIsImlhdCI6MTc5MDM1MDIyMywiZXhwIjoxNzkwMzUzODIzfQ.8s273sFp9vnVFesVGLYQqsNqnl_hDTYJdggX2wOPQ9I","user":{"id":8,"fullName":"Test debater_6_27100","username":"debater_6_27100","age":null,"bio":null,"location":null,"email":"debater_6_27100@test.dms","role":"DEBATER","profilePictureUrl":null,"socialLinksJson":null,"privacyStatus":"PUBLIC","language":"en","expertise":null,"yearsOfExperience":null,"createdAt":"2026-09-25T21:00:23.580023"}}
    Forwarded URL = null
   Redirected URL = null
          Cookies = []

MockHttpServletRequest:
      HTTP Method = POST
      Request URI = /api/auth/signup
       Parameters = {}
          Headers = [Content-Type:"application/json;charset=UTF-8", Content-Length:"149"]
             Body = {"username":"organizer_7_14700","email":"organizer_7_14700@test.dms","fullName":"Test organizer_7_14700","role":"ORGANIZER","password":"password123"}
    Session Attrs = {}

Handler:
             Type = com.dms.controller.AuthController
           Method = com.dms.controller.AuthController#signup(SignupRequest)

Async:
    Async started = false
     Async result = null

Resolved Exception:
             Type = null

ModelAndView:
        View name = null
             View = null
            Model = null

FlashMap:
       Attributes = null

MockHttpServletResponse:
           Status = 200
    Error message = null
          Headers = [Vary:"Origin", "Access-Control-Request-Method", "Access-Control-Request-Headers", Content-Type:"application/json", X-Content-Type-Options:"nosniff", X-XSS-Protection:"0", Cache-Control:"no-cache, no-store, max-age=0, must-revalidate", Pragma:"no-cache", Expires:"0", X-Frame-Options:"DENY"]
     Content type = application/json
             Body = {"token":"eyJhbGciOiJIUzI1NiJ9.eyJzdWIiOiJvcmdhbml6ZXJfN18xNDcwMCIsInJvbGUiOiJPUkdBTklaRVIiLCJpYXQiOjE3OTAzNTAyMjMsImV4cCI6MTc5MDM1MzgyM30.a1GddXvMoWcR_3yUjktwztDxn_5JzDh26F8_Ctxd-Rg","user":{"id":9,"fullName":"Test organizer_7_14700","username":"organizer_7_14700","age":null,"bio":null,"location":null,"email":"organizer_7_14700@test.dms","role":"ORGANIZER","profilePictureUrl":null,"socialLinksJson":null,"privacyStatus":"PUBLIC","language":"en","expertise":null,"yearsOfExperience":null,"createdAt":"2026-09-25T21:00:23.670745"}}
    Forwarded URL = null
   Redirected URL = null
          Cookies = []

MockHttpServletRequest:
      HTTP Method = POST
      Request URI = /api/auth/signup
       Parameters = {}
          Headers = [Content-Type:"application/json;charset=UTF-8", Content-Length:"149"]
             Body = {"username":"organizer_8_43900","email":"organizer_8_43900@test.dms","fullName":"Test organizer_8_43900","role":"ORGANIZER","password":"password123"}
    Session Attrs = {}

Handler:
             Type = com.dms.controller.AuthController
           Method = com.dms.controller.AuthController#signup(SignupRequest)

Async:
    Async started = false
     Async result = null

Resolved Exception:
             Type = null

ModelAndView:
        View name = null
             View = null
            Model = null

FlashMap:
       Attributes = null

MockHttpServletResponse:
           Status = 200
    Error message = null
          Headers = [Vary:"Origin", "Access-Control-Request-Method", "Access-Control-Request-Headers", Content-Type:"application/json", X-Content-Type-Options:"nosniff", X-XSS-Protection:"0", Cache-Control:"no-cache, no-store, max-age=0, must-revalidate", Pragma:"no-cache", Expires:"0", X-Frame-Options:"DENY"]
     Content type = application/json
             Body = {"token":"eyJhbGciOiJIUzI1NiJ9.eyJzdWIiOiJvcmdhbml6ZXJfOF80MzkwMCIsInJvbGUiOiJPUkdBTklaRVIiLCJpYXQiOjE3OTAzNTAyMjMsImV4cCI6MTc5MDM1MzgyM30.A_YcS8ekFnow4pUrxjMpkBgbtonkQ5ujqXG4cLvKrE4","user":{"id":10,"fullName":"Test organizer_8_43900","username":"organizer_8_43900","age":null,"bio":null,"location":null,"email":"organizer_8_43900@test.dms","role":"ORGANIZER","profilePictureUrl":null,"socialLinksJson":null,"privacyStatus":"PUBLIC","language":"en","expertise":null,"yearsOfExperience":null,"createdAt":"2026-09-25T21:00:23.761386"}}
    Forwarded URL = null
   Redirected URL = null
          Cookies = []

MockHttpServletRequest:
      HTTP Method = POST
      Request URI = /api/auth/signup
       Parameters = {}
          Headers = [Content-Type:"application/json;charset=UTF-8", Content-Length:"133"]
             Body = {"username":"judge_9_29000","email":"judge_9_29000@test.dms","fullName":"Test judge_9_29000","role":"JUDGE","password":"password123"}
    Session Attrs = {}

Handler:
             Type = com.dms.controller.AuthController
           Method = com.dms.controller.AuthController#signup(SignupRequest)

Async:
    Async started = false
     Async result = null

Resolved Exception:
             Type = null

ModelAndView:
        View name = null
             View = null
            Model = null

FlashMap:
       Attributes = null

MockHttpServletResponse:
           Status = 200
    Error message = null
          Headers = [Vary:"Origin", "Access-Control-Request-Method", "Access-Control-Request-Headers", Content-Type:"application/json", X-Content-Type-Options:"nosniff", X-XSS-Protection:"0", Cache-Control:"no-cache, no-store, max-age=0, must-revalidate", Pragma:"no-cache", Expires:"0", X-Frame-Options:"DENY"]
     Content type = application/json
             Body = {"token":"eyJhbGciOiJIUzI1NiJ9.eyJzdWIiOiJqdWRnZV85XzI5MDAwIiwicm9sZSI6IkpVREdFIiwiaWF0IjoxNzkwMzUwMjIzLCJleHAiOjE3OTAzNTM4MjN9.osGMC75dXKqfE5SI34O9bl8BBA59Hkz5d-zIdeBsZoA","user":{"id":11,"fullName":"Test judge_9_29000","username":"judge_9_29000","age":null,"bio":null,"location":null,"email":"judge_9_29000@test.dms","role":"JUDGE","profilePictureUrl":null,"socialLinksJson":null,"privacyStatus":"PUBLIC","language":"en","expertise":null,"yearsOfExperience":null,"createdAt":"2026-09-25T21:00:23.849398"}}
    Forwarded URL = null
   Redirected URL = null
          Cookies = []

MockHttpServletRequest:
      HTTP Method = POST
      Request URI = /api/tournaments
       Parameters = {}
          Headers = [Content-Type:"application/json;charset=UTF-8", Authorization:"Bearer eyJhbGciOiJIUzI1NiJ9.eyJzdWIiOiJvcmdhbml6ZXJfN18xNDcwMCIsInJvbGUiOiJPUkdBTklaRVIiLCJpYXQiOjE3OTAzNTAyMjMsImV4cCI6MTc5MDM1MzgyM30.a1GddXvMoWcR_3yUjktwztDxn_5JzDh26F8_Ctxd-Rg", Content-Length:"293"]
             Body = {"scoreTemplate":{"criteriaJson":"[{\"name\":\"Matter\",\"max\":40}]","name":"Default"},"name":"Integration Cup 10","tournamentType":"KNOCKOUT","debateType":"ASIAN_PARLIAMENTARY","schools":[{"debaterIds":[7],"name":"Royal College"},{"debaterIds":[8],"name":"Trinity College"}],"judgeIds":[11]}
    Session Attrs = {}

Handler:
             Type = com.dms.controller.TournamentController
           Method = com.dms.controller.TournamentController#create(CreateTournamentRequest, Authentication)

Async:
    Async started = false
     Async result = null

Resolved Exception:
             Type = null

ModelAndView:
        View name = null
             View = null
            Model = null

FlashMap:
       Attributes = null

MockHttpServletResponse:
           Status = 200
    Error message = null
          Headers = [Vary:"Origin", "Access-Control-Request-Method", "Access-Control-Request-Headers", Content-Type:"application/json", X-Content-Type-Options:"nosniff", X-XSS-Protection:"0", Cache-Control:"no-cache, no-store, max-age=0, must-revalidate", Pragma:"no-cache", Expires:"0", X-Frame-Options:"DENY"]
     Content type = application/json
             Body = {"id":1,"name":"Integration Cup 10","debateType":"ASIAN_PARLIAMENTARY","customDebateType":null,"tournamentType":"KNOCKOUT","organizer":{"id":9,"fullName":"Test organizer_7_14700","username":"organizer_7_14700","age":null,"bio":null,"location":null,"email":"organizer_7_14700@test.dms","role":"ORGANIZER","profilePictureUrl":null,"socialLinksJson":null,"privacyStatus":"PUBLIC","language":"en","expertise":null,"yearsOfExperience":null,"createdAt":"2026-09-25T21:00:23.670745"},"status":"ACTIVE","numberOfLeagues":null,"createdAt":"2026-09-25T21:00:23.922186","schools":[{"id":1,"name":"Royal College","tournamentId":1,"debaters":null},{"id":2,"name":"Trinity College","tournamentId":1,"debaters":null}],"judges":[{"id":1,"judge":{"id":11,"fullName":"Test judge_9_29000","username":"judge_9_29000","age":null,"bio":null,"location":null,"email":"judge_9_29000@test.dms","role":"JUDGE","profilePictureUrl":null,"socialLinksJson":null,"privacyStatus":"PUBLIC","language":"en","expertise":null,"yearsOfExperience":null,"createdAt":"2026-09-25T21:00:23.849398"},"judgeCode":"JUDGE-001"}]}
    Forwarded URL = null
   Redirected URL = null
          Cookies = []

MockHttpServletRequest:
      HTTP Method = POST
      Request URI = /api/discussion
       Parameters = {}
          Headers = [Content-Type:"application/json;charset=UTF-8", Authorization:"Bearer eyJhbGciOiJIUzI1NiJ9.eyJzdWIiOiJkZWJhdGVyXzVfMTEzMDAiLCJyb2xlIjoiREVCQVRFUiIsImlhdCI6MTc5MDM1MDIyMywiZXhwIjoxNzkwMzUzODIzfQ.-gjKncPPoxtj6lAKUSfaJK7Ma1XNlH4sxaOb_6t75n4", Content-Length:"55"]
             Body = {"userId":8,"comment":"Posted as Bob","tournamentId":1}
    Session Attrs = {}

Handler:
             Type = com.dms.controller.DiscussionController
           Method = com.dms.controller.DiscussionController#addComment(Map, Authentication)

Async:
    Async started = false
     Async result = null

Resolved Exception:
             Type = null

ModelAndView:
        View name = null
             View = null
            Model = null

FlashMap:
       Attributes = null

MockHttpServletResponse:
           Status = 200
    Error message = null
          Headers = [Vary:"Origin", "Access-Control-Request-Method", "Access-Control-Request-Headers", Content-Type:"application/json", X-Content-Type-Options:"nosniff", X-XSS-Protection:"0", Cache-Control:"no-cache, no-store, max-age=0, must-revalidate", Pragma:"no-cache", Expires:"0", X-Frame-Options:"DENY"]
     Content type = application/json
             Body = {"id":1,"tournamentId":1,"matchId":null,"user":{"id":8,"fullName":"Test debater_6_27100","username":"debater_6_27100","age":null,"bio":null,"location":null,"email":"debater_6_27100@test.dms","role":"DEBATER","profilePictureUrl":null,"socialLinksJson":null,"privacyStatus":"PUBLIC","language":"en","expertise":null,"yearsOfExperience":null,"createdAt":"2026-09-25T21:00:23.580023"},"comment":"Posted as Bob","createdAt":"2026-09-25T21:00:24.036461","replies":null}
    Forwarded URL = null
   Redirected URL = null
          Cookies = []
]]></system-out>
  </testcase>
  <testcase name="cannotReadOthersNotification" classname="com.dms.integration.OwnershipSecurityIntegrationTest" time="0.056">
    <failure message="[PUT alice&apos;s notification /read as bob] &#10;expected: 403&#10; but was: 200" type="org.opentest4j.AssertionFailedError"><![CDATA[org.opentest4j.AssertionFailedError: 
[PUT alice's notification /read as bob] 
expected: 403
 but was: 200
	at com.dms.integration.OwnershipSecurityIntegrationTest.cannotReadOthersNotification(OwnershipSecurityIntegrationTest.java:103)
	at java.base/java.lang.reflect.Method.invoke(Method.java:565)
	at java.base/java.util.ArrayList.forEach(ArrayList.java:1604)
	at java.base/java.util.ArrayList.forEach(ArrayList.java:1604)
]]></failure>
    <system-out><![CDATA[
MockHttpServletRequest:
      HTTP Method = GET
      Request URI = /api/notifications
       Parameters = {}
          Headers = [Authorization:"Bearer eyJhbGciOiJIUzI1NiJ9.eyJzdWIiOiJkZWJhdGVyXzVfMTEzMDAiLCJyb2xlIjoiREVCQVRFUiIsImlhdCI6MTc5MDM1MDIyMywiZXhwIjoxNzkwMzUzODIzfQ.-gjKncPPoxtj6lAKUSfaJK7Ma1XNlH4sxaOb_6t75n4"]
             Body = null
    Session Attrs = {}

Handler:
             Type = com.dms.controller.NotificationController
           Method = com.dms.controller.NotificationController#getNotifications(Authentication)

Async:
    Async started = false
     Async result = null

Resolved Exception:
             Type = null

ModelAndView:
        View name = null
             View = null
            Model = null

FlashMap:
       Attributes = null

MockHttpServletResponse:
           Status = 200
    Error message = null
          Headers = [Vary:"Origin", "Access-Control-Request-Method", "Access-Control-Request-Headers", Content-Type:"application/json", X-Content-Type-Options:"nosniff", X-XSS-Protection:"0", Cache-Control:"no-cache, no-store, max-age=0, must-revalidate", Pragma:"no-cache", Expires:"0", X-Frame-Options:"DENY"]
     Content type = application/json
             Body = [{"id":1,"title":"Tournament Assigned","message":"You have been registered for tournament 'Integration Cup 10' under school 'Royal College' organised by Test organizer_7_14700.","readStatus":false,"createdAt":"2026-09-25T21:00:23.959823"}]
    Forwarded URL = null
   Redirected URL = null
          Cookies = []

MockHttpServletRequest:
      HTTP Method = PUT
      Request URI = /api/notifications/1/read
       Parameters = {}
          Headers = [Authorization:"Bearer eyJhbGciOiJIUzI1NiJ9.eyJzdWIiOiJkZWJhdGVyXzZfMjcxMDAiLCJyb2xlIjoiREVCQVRFUiIsImlhdCI6MTc5MDM1MDIyMywiZXhwIjoxNzkwMzUzODIzfQ.8s273sFp9vnVFesVGLYQqsNqnl_hDTYJdggX2wOPQ9I"]
             Body = null
    Session Attrs = {}

Handler:
             Type = com.dms.controller.NotificationController
           Method = com.dms.controller.NotificationController#markRead(Long, Authentication)

Async:
    Async started = false
     Async result = null

Resolved Exception:
             Type = null

ModelAndView:
        View name = null
             View = null
            Model = null

FlashMap:
       Attributes = null

MockHttpServletResponse:
           Status = 200
    Error message = null
          Headers = [Vary:"Origin", "Access-Control-Request-Method", "Access-Control-Request-Headers", X-Content-Type-Options:"nosniff", X-XSS-Protection:"0", Cache-Control:"no-cache, no-store, max-age=0, must-revalidate", Pragma:"no-cache", Expires:"0", X-Frame-Options:"DENY"]
     Content type = null
             Body = 
    Forwarded URL = null
   Redirected URL = null
          Cookies = []
]]></system-out>
  </testcase>
  <testcase name="cannotEditOthersProfile" classname="com.dms.integration.OwnershipSecurityIntegrationTest" time="0.026">
    <failure message="[PUT /api/users/{bob} as alice] &#10;expected: 403&#10; but was: 200" type="org.opentest4j.AssertionFailedError"><![CDATA[org.opentest4j.AssertionFailedError: 
[PUT /api/users/{bob} as alice] 
expected: 403
 but was: 200
	at com.dms.integration.OwnershipSecurityIntegrationTest.cannotEditOthersProfile(OwnershipSecurityIntegrationTest.java:50)
	at java.base/java.lang.reflect.Method.invoke(Method.java:565)
	at java.base/java.util.ArrayList.forEach(ArrayList.java:1604)
	at java.base/java.util.ArrayList.forEach(ArrayList.java:1604)
]]></failure>
    <system-out><![CDATA[
MockHttpServletRequest:
      HTTP Method = PUT
      Request URI = /api/users/8
       Parameters = {}
          Headers = [Content-Type:"application/json;charset=UTF-8", Authorization:"Bearer eyJhbGciOiJIUzI1NiJ9.eyJzdWIiOiJkZWJhdGVyXzVfMTEzMDAiLCJyb2xlIjoiREVCQVRFUiIsImlhdCI6MTc5MDM1MDIyMywiZXhwIjoxNzkwMzUzODIzfQ.-gjKncPPoxtj6lAKUSfaJK7Ma1XNlH4sxaOb_6t75n4", Content-Length:"25"]
             Body = {"bio":"hacked by alice"}
    Session Attrs = {}

Handler:
             Type = com.dms.controller.UserController
           Method = com.dms.controller.UserController#updateUser(Long, UserDTO)

Async:
    Async started = false
     Async result = null

Resolved Exception:
             Type = null

ModelAndView:
        View name = null
             View = null
            Model = null

FlashMap:
       Attributes = null

MockHttpServletResponse:
           Status = 200
    Error message = null
          Headers = [Vary:"Origin", "Access-Control-Request-Method", "Access-Control-Request-Headers", Content-Type:"application/json", X-Content-Type-Options:"nosniff", X-XSS-Protection:"0", Cache-Control:"no-cache, no-store, max-age=0, must-revalidate", Pragma:"no-cache", Expires:"0", X-Frame-Options:"DENY"]
     Content type = application/json
             Body = {"id":8,"fullName":"Test debater_6_27100","username":"debater_6_27100","age":null,"bio":"hacked by alice","location":null,"email":"debater_6_27100@test.dms","role":"DEBATER","profilePictureUrl":null,"socialLinksJson":null,"privacyStatus":"PUBLIC","language":"en","expertise":null,"yearsOfExperience":null,"createdAt":"2026-09-25T21:00:23.580023"}
    Forwarded URL = null
   Redirected URL = null
          Cookies = []
]]></system-out>
  </testcase>
  <testcase name="cannotDeleteOtherOrganizersTournament" classname="com.dms.integration.OwnershipSecurityIntegrationTest" time="0.062">
    <failure message="[DELETE organizer A&apos;s tournament as organizer B] &#10;expected: 403&#10; but was: 204" type="org.opentest4j.AssertionFailedError"><![CDATA[org.opentest4j.AssertionFailedError: 
[DELETE organizer A's tournament as organizer B] 
expected: 403
 but was: 204
	at com.dms.integration.OwnershipSecurityIntegrationTest.cannotDeleteOtherOrganizersTournament(OwnershipSecurityIntegrationTest.java:91)
	at java.base/java.lang.reflect.Method.invoke(Method.java:565)
	at java.base/java.util.ArrayList.forEach(ArrayList.java:1604)
	at java.base/java.util.ArrayList.forEach(ArrayList.java:1604)
]]></failure>
    <system-out><![CDATA[
MockHttpServletRequest:
      HTTP Method = POST
      Request URI = /api/tournaments
       Parameters = {}
          Headers = [Content-Type:"application/json;charset=UTF-8", Authorization:"Bearer eyJhbGciOiJIUzI1NiJ9.eyJzdWIiOiJvcmdhbml6ZXJfN18xNDcwMCIsInJvbGUiOiJPUkdBTklaRVIiLCJpYXQiOjE3OTAzNTAyMjMsImV4cCI6MTc5MDM1MzgyM30.a1GddXvMoWcR_3yUjktwztDxn_5JzDh26F8_Ctxd-Rg", Content-Length:"79"]
             Body = {"debateType":"TRADITIONAL","name":"A's private cup","tournamentType":"LEAGUE"}
    Session Attrs = {}

Handler:
             Type = com.dms.controller.TournamentController
           Method = com.dms.controller.TournamentController#create(CreateTournamentRequest, Authentication)

Async:
    Async started = false
     Async result = null

Resolved Exception:
             Type = null

ModelAndView:
        View name = null
             View = null
            Model = null

FlashMap:
       Attributes = null

MockHttpServletResponse:
           Status = 200
    Error message = null
          Headers = [Vary:"Origin", "Access-Control-Request-Method", "Access-Control-Request-Headers", Content-Type:"application/json", X-Content-Type-Options:"nosniff", X-XSS-Protection:"0", Cache-Control:"no-cache, no-store, max-age=0, must-revalidate", Pragma:"no-cache", Expires:"0", X-Frame-Options:"DENY"]
     Content type = application/json
             Body = {"id":2,"name":"A's private cup","debateType":"TRADITIONAL","customDebateType":null,"tournamentType":"LEAGUE","organizer":{"id":9,"fullName":"Test organizer_7_14700","username":"organizer_7_14700","age":null,"bio":null,"location":null,"email":"organizer_7_14700@test.dms","role":"ORGANIZER","profilePictureUrl":null,"socialLinksJson":null,"privacyStatus":"PUBLIC","language":"en","expertise":null,"yearsOfExperience":null,"createdAt":"2026-09-25T21:00:23.670745"},"status":"ACTIVE","numberOfLeagues":null,"createdAt":"2026-09-25T21:00:24.225911","schools":[],"judges":[]}
    Forwarded URL = null
   Redirected URL = null
          Cookies = []

MockHttpServletRequest:
      HTTP Method = DELETE
      Request URI = /api/tournaments/2
       Parameters = {}
          Headers = [Authorization:"Bearer eyJhbGciOiJIUzI1NiJ9.eyJzdWIiOiJvcmdhbml6ZXJfOF80MzkwMCIsInJvbGUiOiJPUkdBTklaRVIiLCJpYXQiOjE3OTAzNTAyMjMsImV4cCI6MTc5MDM1MzgyM30.A_YcS8ekFnow4pUrxjMpkBgbtonkQ5ujqXG4cLvKrE4"]
             Body = null
    Session Attrs = {}

Handler:
             Type = com.dms.controller.TournamentController
           Method = com.dms.controller.TournamentController#delete(Long)

Async:
    Async started = false
     Async result = null

Resolved Exception:
             Type = null

ModelAndView:
        View name = null
             View = null
            Model = null

FlashMap:
       Attributes = null

MockHttpServletResponse:
           Status = 204
    Error message = null
          Headers = [Vary:"Origin", "Access-Control-Request-Method", "Access-Control-Request-Headers", X-Content-Type-Options:"nosniff", X-XSS-Protection:"0", Cache-Control:"no-cache, no-store, max-age=0, must-revalidate", Pragma:"no-cache", Expires:"0", X-Frame-Options:"DENY"]
     Content type = null
             Body = 
    Forwarded URL = null
   Redirected URL = null
          Cookies = []
]]></system-out>
  </testcase>
  <testcase name="publicUserListHidesEmails" classname="com.dms.integration.OwnershipSecurityIntegrationTest" time="0.019">
    <failure message="JSON path &quot;$[*].email&quot;&#10;Expected: not a collection containing &quot;debater_5_11300@test.dms&quot;&#10;     but: was &lt;[&quot;debater_1_11000@test.dms&quot;,&quot;debater_2_73500@test.dms&quot;,&quot;judge_3_55900@test.dms&quot;,&quot;newdeb@test.dms&quot;,&quot;organizer_4_72700@test.dms&quot;,&quot;not-an-email&quot;,&quot;debater_5_11300@test.dms&quot;,&quot;debater_6_27100@test.dms&quot;,&quot;organizer_7_14700@test.dms&quot;,&quot;organizer_8_43900@test.dms&quot;,&quot;judge_9_29000@test.dms&quot;]&gt;" type="java.lang.AssertionError"><![CDATA[java.lang.AssertionError: 
JSON path "$[*].email"
Expected: not a collection containing "debater_5_11300@test.dms"
     but: was <["debater_1_11000@test.dms","debater_2_73500@test.dms","judge_3_55900@test.dms","newdeb@test.dms","organizer_4_72700@test.dms","not-an-email","debater_5_11300@test.dms","debater_6_27100@test.dms","organizer_7_14700@test.dms","organizer_8_43900@test.dms","judge_9_29000@test.dms"]>
	at org.hamcrest.MatcherAssert.assertThat(MatcherAssert.java:20)
	at org.springframework.test.util.JsonPathExpectationsHelper.assertValue(JsonPathExpectationsHelper.java:107)
	at org.springframework.test.web.servlet.result.JsonPathResultMatchers.lambda$value$0(JsonPathResultMatchers.java:88)
	at org.springframework.test.web.servlet.MockMvc$1.andExpect(MockMvc.java:214)
	at com.dms.integration.OwnershipSecurityIntegrationTest.publicUserListHidesEmails(OwnershipSecurityIntegrationTest.java:121)
	at java.base/java.lang.reflect.Method.invoke(Method.java:565)
	at java.base/java.util.ArrayList.forEach(ArrayList.java:1604)
	at java.base/java.util.ArrayList.forEach(ArrayList.java:1604)
]]></failure>
    <system-out><![CDATA[
MockHttpServletRequest:
      HTTP Method = GET
      Request URI = /api/users
       Parameters = {}
          Headers = []
             Body = null
    Session Attrs = {}

Handler:
             Type = com.dms.controller.UserController
           Method = com.dms.controller.UserController#getAllUsers()

Async:
    Async started = false
     Async result = null

Resolved Exception:
             Type = null

ModelAndView:
        View name = null
             View = null
            Model = null

FlashMap:
       Attributes = null

MockHttpServletResponse:
           Status = 200
    Error message = null
          Headers = [Vary:"Origin", "Access-Control-Request-Method", "Access-Control-Request-Headers", Content-Type:"application/json", X-Content-Type-Options:"nosniff", X-XSS-Protection:"0", Cache-Control:"no-cache, no-store, max-age=0, must-revalidate", Pragma:"no-cache", Expires:"0", X-Frame-Options:"DENY"]
     Content type = application/json
             Body = [{"id":1,"fullName":"Test debater_1_11000","username":"debater_1_11000","age":null,"bio":null,"location":null,"email":"debater_1_11000@test.dms","role":"DEBATER","profilePictureUrl":null,"socialLinksJson":null,"privacyStatus":"PUBLIC","language":"en","expertise":null,"yearsOfExperience":null,"createdAt":"2026-09-25T21:00:22.288067"},{"id":2,"fullName":"Test debater_2_73500","username":"debater_2_73500","age":null,"bio":null,"location":null,"email":"debater_2_73500@test.dms","role":"DEBATER","profilePictureUrl":null,"socialLinksJson":null,"privacyStatus":"PUBLIC","language":"en","expertise":null,"yearsOfExperience":null,"createdAt":"2026-09-25T21:00:22.665341"},{"id":3,"fullName":"Test judge_3_55900","username":"judge_3_55900","age":null,"bio":null,"location":null,"email":"judge_3_55900@test.dms","role":"JUDGE","profilePictureUrl":null,"socialLinksJson":null,"privacyStatus":"PUBLIC","language":"en","expertise":null,"yearsOfExperience":null,"createdAt":"2026-09-25T21:00:22.773676"},{"id":4,"fullName":"New Debater","username":"newdeb","age":null,"bio":null,"location":null,"email":"newdeb@test.dms","role":"DEBATER","profilePictureUrl":null,"socialLinksJson":null,"privacyStatus":"PUBLIC","language":"en","expertise":null,"yearsOfExperience":null,"createdAt":"2026-09-25T21:00:23.06886"},{"id":5,"fullName":"Test organizer_4_72700","username":"organizer_4_72700","age":null,"bio":null,"location":null,"email":"organizer_4_72700@test.dms","role":"ORGANIZER","profilePictureUrl":null,"socialLinksJson":null,"privacyStatus":"PUBLIC","language":"en","expertise":null,"yearsOfExperience":null,"createdAt":"2026-09-25T21:00:23.204255"},{"id":6,"fullName":"Bad Email","username":"bademail","age":null,"bio":null,"location":null,"email":"not-an-email","role":"DEBATER","profilePictureUrl":null,"socialLinksJson":null,"privacyStatus":"PUBLIC","language":"en","expertise":null,"yearsOfExperience":null,"createdAt":"2026-09-25T21:00:23.364135"},{"id":7,"fullName":"Test debater_5_11300","username":"debater_5_11300","age":null,"bio":null,"location":null,"email":"debater_5_11300@test.dms","role":"DEBATER","profilePictureUrl":null,"socialLinksJson":null,"privacyStatus":"PUBLIC","language":"en","expertise":null,"yearsOfExperience":null,"createdAt":"2026-09-25T21:00:23.486488"},{"id":8,"fullName":"Test debater_6_27100","username":"debater_6_27100","age":null,"bio":"hacked by alice","location":null,"email":"debater_6_27100@test.dms","role":"DEBATER","profilePictureUrl":null,"socialLinksJson":null,"privacyStatus":"PUBLIC","language":"en","expertise":null,"yearsOfExperience":null,"createdAt":"2026-09-25T21:00:23.580023"},{"id":9,"fullName":"Test organizer_7_14700","username":"organizer_7_14700","age":null,"bio":null,"location":null,"email":"organizer_7_14700@test.dms","role":"ORGANIZER","profilePictureUrl":null,"socialLinksJson":null,"privacyStatus":"PUBLIC","language":"en","expertise":null,"yearsOfExperience":null,"createdAt":"2026-09-25T21:00:23.670745"},{"id":10,"fullName":"Test organizer_8_43900","username":"organizer_8_43900","age":null,"bio":null,"location":null,"email":"organizer_8_43900@test.dms","role":"ORGANIZER","profilePictureUrl":null,"socialLinksJson":null,"privacyStatus":"PUBLIC","language":"en","expertise":null,"yearsOfExperience":null,"createdAt":"2026-09-25T21:00:23.761386"},{"id":11,"fullName":"Test judge_9_29000","username":"judge_9_29000","age":null,"bio":null,"location":null,"email":"judge_9_29000@test.dms","role":"JUDGE","profilePictureUrl":null,"socialLinksJson":null,"privacyStatus":"PUBLIC","language":"en","expertise":null,"yearsOfExperience":null,"createdAt":"2026-09-25T21:00:23.849398"}]
    Forwarded URL = null
   Redirected URL = null
          Cookies = []
]]></system-out>
  </testcase>
  <testcase name="cannotDeleteOthersComment" classname="com.dms.integration.OwnershipSecurityIntegrationTest" time="0.034">
    <failure message="[DELETE bob&apos;s comment as alice] &#10;expected: 403&#10; but was: 204" type="org.opentest4j.AssertionFailedError"><![CDATA[org.opentest4j.AssertionFailedError: 
[DELETE bob's comment as alice] 
expected: 403
 but was: 204
	at com.dms.integration.OwnershipSecurityIntegrationTest.cannotDeleteOthersComment(OwnershipSecurityIntegrationTest.java:79)
	at java.base/java.lang.reflect.Method.invoke(Method.java:565)
	at java.base/java.util.ArrayList.forEach(ArrayList.java:1604)
	at java.base/java.util.ArrayList.forEach(ArrayList.java:1604)
]]></failure>
    <system-out><![CDATA[
MockHttpServletRequest:
      HTTP Method = POST
      Request URI = /api/discussion
       Parameters = {}
          Headers = [Content-Type:"application/json;charset=UTF-8", Authorization:"Bearer eyJhbGciOiJIUzI1NiJ9.eyJzdWIiOiJkZWJhdGVyXzZfMjcxMDAiLCJyb2xlIjoiREVCQVRFUiIsImlhdCI6MTc5MDM1MDIyMywiZXhwIjoxNzkwMzUzODIzfQ.8s273sFp9vnVFesVGLYQqsNqnl_hDTYJdggX2wOPQ9I", Content-Length:"55"]
             Body = {"userId":8,"comment":"Bob's opinion","tournamentId":1}
    Session Attrs = {}

Handler:
             Type = com.dms.controller.DiscussionController
           Method = com.dms.controller.DiscussionController#addComment(Map, Authentication)

Async:
    Async started = false
     Async result = null

Resolved Exception:
             Type = null

ModelAndView:
        View name = null
             View = null
            Model = null

FlashMap:
       Attributes = null

MockHttpServletResponse:
           Status = 200
    Error message = null
          Headers = [Vary:"Origin", "Access-Control-Request-Method", "Access-Control-Request-Headers", Content-Type:"application/json", X-Content-Type-Options:"nosniff", X-XSS-Protection:"0", Cache-Control:"no-cache, no-store, max-age=0, must-revalidate", Pragma:"no-cache", Expires:"0", X-Frame-Options:"DENY"]
     Content type = application/json
             Body = {"id":2,"tournamentId":1,"matchId":null,"user":{"id":8,"fullName":"Test debater_6_27100","username":"debater_6_27100","age":null,"bio":"hacked by alice","location":null,"email":"debater_6_27100@test.dms","role":"DEBATER","profilePictureUrl":null,"socialLinksJson":null,"privacyStatus":"PUBLIC","language":"en","expertise":null,"yearsOfExperience":null,"createdAt":"2026-09-25T21:00:23.580023"},"comment":"Bob's opinion","createdAt":"2026-09-25T21:00:24.309969","replies":null}
    Forwarded URL = null
   Redirected URL = null
          Cookies = []

MockHttpServletRequest:
      HTTP Method = DELETE
      Request URI = /api/discussion/2
       Parameters = {}
          Headers = [Authorization:"Bearer eyJhbGciOiJIUzI1NiJ9.eyJzdWIiOiJkZWJhdGVyXzVfMTEzMDAiLCJyb2xlIjoiREVCQVRFUiIsImlhdCI6MTc5MDM1MDIyMywiZXhwIjoxNzkwMzUzODIzfQ.-gjKncPPoxtj6lAKUSfaJK7Ma1XNlH4sxaOb_6t75n4"]
             Body = null
    Session Attrs = {}

Handler:
             Type = com.dms.controller.DiscussionController
           Method = com.dms.controller.DiscussionController#deleteComment(Long)

Async:
    Async started = false
     Async result = null

Resolved Exception:
             Type = null

ModelAndView:
        View name = null
             View = null
            Model = null

FlashMap:
       Attributes = null

MockHttpServletResponse:
           Status = 204
    Error message = null
          Headers = [Vary:"Origin", "Access-Control-Request-Method", "Access-Control-Request-Headers", X-Content-Type-Options:"nosniff", X-XSS-Protection:"0", Cache-Control:"no-cache, no-store, max-age=0, must-revalidate", Pragma:"no-cache", Expires:"0", X-Frame-Options:"DENY"]
     Content type = null
             Body = 
    Forwarded URL = null
   Redirected URL = null
          Cookies = []
]]></system-out>
  </testcase>
  <testcase name="canEditOwnProfile" classname="com.dms.integration.OwnershipSecurityIntegrationTest" time="0.015"/>
  <testcase name="judgeImpersonationStatusCode" classname="com.dms.integration.OwnershipSecurityIntegrationTest" time="0.13">
    <failure message="[submitting as another judge] &#10;expected: 403&#10; but was: 400" type="org.opentest4j.AssertionFailedError"><![CDATA[org.opentest4j.AssertionFailedError: 
[submitting as another judge] 
expected: 403
 but was: 400
	at com.dms.integration.OwnershipSecurityIntegrationTest.judgeImpersonationStatusCode(OwnershipSecurityIntegrationTest.java:113)
	at java.base/java.lang.reflect.Method.invoke(Method.java:565)
	at java.base/java.util.ArrayList.forEach(ArrayList.java:1604)
	at java.base/java.util.ArrayList.forEach(ArrayList.java:1604)
]]></failure>
    <system-out><![CDATA[
MockHttpServletRequest:
      HTTP Method = POST
      Request URI = /api/auth/signup
       Parameters = {}
          Headers = [Content-Type:"application/json;charset=UTF-8", Content-Length:"136"]
             Body = {"username":"judge_11_35700","email":"judge_11_35700@test.dms","fullName":"Test judge_11_35700","role":"JUDGE","password":"password123"}
    Session Attrs = {}

Handler:
             Type = com.dms.controller.AuthController
           Method = com.dms.controller.AuthController#signup(SignupRequest)

Async:
    Async started = false
     Async result = null

Resolved Exception:
             Type = null

ModelAndView:
        View name = null
             View = null
            Model = null

FlashMap:
       Attributes = null

MockHttpServletResponse:
           Status = 200
    Error message = null
          Headers = [Vary:"Origin", "Access-Control-Request-Method", "Access-Control-Request-Headers", Content-Type:"application/json", X-Content-Type-Options:"nosniff", X-XSS-Protection:"0", Cache-Control:"no-cache, no-store, max-age=0, must-revalidate", Pragma:"no-cache", Expires:"0", X-Frame-Options:"DENY"]
     Content type = application/json
             Body = {"token":"eyJhbGciOiJIUzI1NiJ9.eyJzdWIiOiJqdWRnZV8xMV8zNTcwMCIsInJvbGUiOiJKVURHRSIsImlhdCI6MTc5MDM1MDIyNCwiZXhwIjoxNzkwMzUzODI0fQ.QfxQM0t4kYsrlt_5lhVdKX7nM3zrUsEZHwOUKvcDweY","user":{"id":12,"fullName":"Test judge_11_35700","username":"judge_11_35700","age":null,"bio":null,"location":null,"email":"judge_11_35700@test.dms","role":"JUDGE","profilePictureUrl":null,"socialLinksJson":null,"privacyStatus":"PUBLIC","language":"en","expertise":null,"yearsOfExperience":null,"createdAt":"2026-09-25T21:00:24.448079"}}
    Forwarded URL = null
   Redirected URL = null
          Cookies = []

MockHttpServletRequest:
      HTTP Method = POST
      Request URI = /api/score-sheets/submit
       Parameters = {}
          Headers = [Content-Type:"application/json;charset=UTF-8", Authorization:"Bearer eyJhbGciOiJIUzI1NiJ9.eyJzdWIiOiJqdWRnZV8xMV8zNTcwMCIsInJvbGUiOiJKVURHRSIsImlhdCI6MTc5MDM1MDIyNCwiZXhwIjoxNzkwMzUzODI0fQ.QfxQM0t4kYsrlt_5lhVdKX7nM3zrUsEZHwOUKvcDweY", Content-Length:"69"]
             Body = {"matchId":1,"judgeId":11,"oppositionTotal":60,"propositionTotal":70}
    Session Attrs = {}

Handler:
             Type = com.dms.controller.ScoreSheetController
           Method = com.dms.controller.ScoreSheetController#submit(ScoreSheetSubmissionRequest, Principal)

Async:
    Async started = false
     Async result = null

Resolved Exception:
             Type = java.lang.RuntimeException

ModelAndView:
        View name = null
             View = null
            Model = null

FlashMap:
       Attributes = null

MockHttpServletResponse:
           Status = 400
    Error message = null
          Headers = [Vary:"Origin", "Access-Control-Request-Method", "Access-Control-Request-Headers", Content-Type:"application/json", X-Content-Type-Options:"nosniff", X-XSS-Protection:"0", Cache-Control:"no-cache, no-store, max-age=0, must-revalidate", Pragma:"no-cache", Expires:"0", X-Frame-Options:"DENY"]
     Content type = application/json
             Body = {"error":"Access denied: you can only submit scores as yourself","timestamp":"2026-09-25T21:00:24.470986200"}
    Forwarded URL = null
   Redirected URL = null
          Cookies = []
]]></system-out>
  </testcase>
</testsuite>